0 info it worked if it ends with ok
1 verbose cli [ 'E:\\apps\\nodejs\\node.exe',
1 verbose cli   'E:\\apps\\nodejs\\node_modules\\npm\\bin\\npm-cli.js',
1 verbose cli   'start' ]
2 info using npm@3.10.10
3 info using node@v6.11.3
4 verbose run-script [ 'prestart', 'start', 'poststart' ]
5 info lifecycle test@1.0.0~prestart: test@1.0.0
6 verbose lifecycle test@1.0.0~prestart: unsafe-perm in lifecycle true
7 verbose lifecycle test@1.0.0~prestart: PATH: E:\apps\nodejs\node_modules\npm\bin\node-gyp-bin;E:\web-dev\git\tserver\node_modules\.bin;C:\Windows\system32;C:\Windows;C:\Windows\System32\Wbem;C:\Windows\System32\WindowsPowerShell\v1.0\;C:\ProgramData\ComposerSetup\bin;C:\Windows\system32\config\systemprofile\AppData\Roaming\Composer\vendor\bin;E:\apps\UwAmp\bin\php\php-7.1.9;E:\apps\nodejs\;C:\Program Files (x86)\Microsoft VS Code\bin;C:\Users\jackal\AppData\Roaming\Composer\vendor\bin;C:\Users\jackal\AppData\Local\GitHubDesktop\bin;C:\Users\jackal\AppData\Roaming\npm
8 verbose lifecycle test@1.0.0~prestart: CWD: E:\web-dev\git\tserver
9 silly lifecycle test@1.0.0~prestart: Args: [ '/d /s /c', 'node build.js' ]
10 silly lifecycle test@1.0.0~prestart: Returned: code: 0  signal: null
11 info lifecycle test@1.0.0~start: test@1.0.0
12 verbose lifecycle test@1.0.0~start: unsafe-perm in lifecycle true
13 verbose lifecycle test@1.0.0~start: PATH: E:\apps\nodejs\node_modules\npm\bin\node-gyp-bin;E:\web-dev\git\tserver\node_modules\.bin;C:\Windows\system32;C:\Windows;C:\Windows\System32\Wbem;C:\Windows\System32\WindowsPowerShell\v1.0\;C:\ProgramData\ComposerSetup\bin;C:\Windows\system32\config\systemprofile\AppData\Roaming\Composer\vendor\bin;E:\apps\UwAmp\bin\php\php-7.1.9;E:\apps\nodejs\;C:\Program Files (x86)\Microsoft VS Code\bin;C:\Users\jackal\AppData\Roaming\Composer\vendor\bin;C:\Users\jackal\AppData\Local\GitHubDesktop\bin;C:\Users\jackal\AppData\Roaming\npm
14 verbose lifecycle test@1.0.0~start: CWD: E:\web-dev\git\tserver
15 silly lifecycle test@1.0.0~start: Args: [ '/d /s /c', 'node index.js' ]
16 verbose stack Error: kill ENOSYS
16 verbose stack     at exports._errnoException (util.js:1020:11)
16 verbose stack     at process.kill (internal/process.js:190:13)
16 verbose stack     at process.listener (E:\apps\nodejs\node_modules\npm\node_modules\npmlog\node_modules\gauge\node_modules\signal-exit\index.js:86:15)
16 verbose stack     at emitNone (events.js:91:20)
16 verbose stack     at process.emit (events.js:185:7)
16 verbose stack     at processEmit (E:\apps\nodejs\node_modules\npm\node_modules\npmlog\node_modules\gauge\node_modules\signal-exit\index.js:146:32)
16 verbose stack     at processEmit (E:\apps\nodejs\node_modules\npm\node_modules\npm-registry-client\node_modules\npmlog\node_modules\gauge\node_modules\signal-exit\index.js:146:32)
16 verbose stack     at Signal.wrap.onsignal (internal/process.js:217:44)
17 verbose cwd E:\web-dev\git\tserver
18 error Windows_NT 6.3.9600
19 error argv "E:\\apps\\nodejs\\node.exe" "E:\\apps\\nodejs\\node_modules\\npm\\bin\\npm-cli.js" "start"
20 error node v6.11.3
21 error npm  v3.10.10
22 error code ENOSYS
23 error errno ENOSYS
24 error syscall kill
25 error kill ENOSYS
26 error If you need help, you may report this error at:
26 error     <https://github.com/npm/npm/issues>
27 verbose exit [ 1, true ]
